1656788007446	geckodriver	INFO	Listening on 127.0.0.1:56322
1656788010556	mozrunner::runner	INFO	Running command: "C:\\Program Files\\Mozilla Firefox\\firefox.exe" "--marionette" "--remote-debugging-port" "56323" "--remote-allow-hosts" "localhost" "-no-remote" "-profile" "C:\\Users\\DELL\\AppData\\Local\\Temp\\rust_mozprofilep9KAJJ"
1656788015559	Marionette	INFO	Marionette enabled
WebDriver BiDi listening on ws://localhost:56323
console.error: Region.jsm: "Error fetching region" (new Error("TIMEOUT", "resource://gre/modules/Region.jsm", 767))
console.error: Region.jsm: "Failed to fetch region" (new Error("TIMEOUT", "resource://gre/modules/Region.jsm", 419))
console.warn: SearchSettings: "get: No settings file exists, new profile?" (new NotFoundError("Could not open the file at C:\\Users\\DELL\\AppData\\Local\\Temp\\rust_mozprofilep9KAJJ\\search.json.mozlz4", (void 0)))
1656788031121	Marionette	INFO	Listening on port 56348
Read port: 56348
1656788031337	RemoteAgent	WARN	TLS certificate errors will be ignored for this session
DevTools listening on ws://localhost:56323/devtools/browser/644e46a2-e9f8-43e7-94ab-8bb66585f336
1656788034674	Marionette	INFO	Stopped listening on port 56348
!!! error running onStopped callback: TypeError: callback is not a function

###!!! [Child][PContentChild] Error: RunMessage(msgname=PContent::Reply_DiscardBrowsingContext) Channel closing: too late to send/recv, messages will be lost


###!!! [Parent][PContentParent] Error: Send(msgname=PContent::Msg_DestroyBrowsingContextGroup) Closed channel: cannot send/recv


###!!! [Child][PContentChild] Error: Send(msgname=PBrowser::Msg___delete__) Channel closing: too late to send/recv, messages will be lost

1656788037670	geckodriver	INFO	Listening on 127.0.0.1:56352
1656788040632	mozrunner::runner	INFO	Running command: "C:\\Program Files\\Mozilla Firefox\\firefox.exe" "--marionette" "--remote-debugging-port" "56353" "--remote-allow-hosts" "localhost" "-no-remote" "-profile" "C:\\Users\\DELL\\AppData\\Local\\Temp\\rust_mozprofilevNnOgr"
1656788041756	Marionette	INFO	Marionette enabled
WebDriver BiDi listening on ws://localhost:56353
console.warn: SearchSettings: "get: No settings file exists, new profile?" (new NotFoundError("Could not open the file at C:\\Users\\DELL\\AppData\\Local\\Temp\\rust_mozprofilevNnOgr\\search.json.mozlz4", (void 0)))
1656788048450	Marionette	INFO	Listening on port 56377
Read port: 56377
DevTools listening on ws://localhost:56353/devtools/browser/91d0fa29-fcc0-4044-ab0a-35d79026a105
1656788048775	RemoteAgent	WARN	TLS certificate errors will be ignored for this session
console.warn: LoginRecipes: "getRecipes: falling back to a synchronous message for:" "https://admin-demo.nopcommerce.com"
console.warn: LoginRecipes: "getRecipes: falling back to a synchronous message for:" "https://admin-demo.nopcommerce.com"
JavaScript error: resource://gre/modules/LoginManagerParent.jsm, line 136: TypeError: gRecipeManager is null
1656788061519	Marionette	INFO	Stopped listening on port 56377
!!! error running onStopped callback: TypeError: callback is not a function

###!!! [Child][PContentChild] Error: RunMessage(msgname=PHttpChannel::Msg_DeleteSelf) Channel closing: too late to send/recv, messages will be lost


###!!! [Child][PContentChild] Error: RunMessage(msgname=PHttpChannel::Msg_DeleteSelf) Channel closing: too late to send/recv, messages will be lost


###!!! [Child][PContentChild] Error: RunMessage(msgname=PHttpChannel::Msg_DeleteSelf) Channel closing: too late to send/recv, messages will be lost

[Parent 7636, IPC I/O Parent] WARNING: file /builds/worker/checkouts/gecko/ipc/chromium/src/base/process_util_win.cc:167
1656788219494	geckodriver	INFO	Listening on 127.0.0.1:56419
1656788222533	mozrunner::runner	INFO	Running command: "C:\\Program Files\\Mozilla Firefox\\firefox.exe" "--marionette" "--remote-debugging-port" "56421" "--remote-allow-hosts" "localhost" "-no-remote" "-profile" "C:\\Users\\DELL\\AppData\\Local\\Temp\\rust_mozprofileQd1Jk2"
1656788223857	Marionette	INFO	Marionette enabled
WebDriver BiDi listening on ws://localhost:56422
console.warn: SearchSettings: "get: No settings file exists, new profile?" (new NotFoundError("Could not open the file at C:\\Users\\DELL\\AppData\\Local\\Temp\\rust_mozprofileQd1Jk2\\search.json.mozlz4", (void 0)))
1656788235843	Marionette	INFO	Listening on port 56480
DevTools listening on ws://localhost:56421/devtools/browser/adfa2baa-84fd-4be2-8bfd-f3d9a2ad363b
Read port: 56480
1656788236419	RemoteAgent	WARN	TLS certificate errors will be ignored for this session
1656788239933	Marionette	INFO	Stopped listening on port 56480
!!! error running onStopped callback: TypeError: callback is not a function
JavaScript error: resource:///modules/FaviconLoader.jsm, line 598: InvalidStateError: JSWindowActorChild.sendAsyncMessage: JSWindowActorChild cannot send at the moment
JavaScript error: resource://gre/modules/AsyncS1656788248132	Marionette	INFO	Stopped listening on port 56472
 connections are closed" is finished, it is too late to register completion condition "protections.sqlite#0: waiting for shutdown"
