 07/05/2022 12:11:10 AM: INFO: ********* Test__01_Login *********
 07/05/2022 12:11:10 AM: INFO: ********* Test__01_Login *********
 07/05/2022 12:11:10 AM: INFO: ********* Verifying Home Page *********
 07/05/2022 12:11:10 AM: INFO: ********* Verifying Home Page *********
 07/05/2022 12:11:16 AM: INFO: ****** Home Page Title Test is Passed *******
 07/05/2022 12:11:16 AM: INFO: ****** Home Page Title Test is Passed *******
 07/05/2022 12:11:18 AM: INFO: ****** Verifying Login Test *******
 07/05/2022 12:11:18 AM: INFO: ****** Verifying Login Test *******
 07/05/2022 12:11:33 AM: INFO: ****** Login Test is Passed *******
 07/05/2022 12:11:33 AM: INFO: ****** Login Test is Passed *******
 07/05/2022 12:11:36 AM: INFO: ****** Test_02_DDT_Login *******
 07/05/2022 12:11:36 AM: INFO: ****** Test_02_DDT_Login *******
 07/05/2022 12:11:36 AM: INFO: ****** Verifying Login DDT Test *******
 07/05/2022 12:11:36 AM: INFO: ****** Verifying Login DDT Test *******
 07/05/2022 12:11:54 AM: INFO: **** Passed ****
 07/05/2022 12:11:54 AM: INFO: **** Passed ****
 07/05/2022 12:12:02 AM: INFO: **** Passed ****
 07/05/2022 12:12:02 AM: INFO: **** Passed ****
 07/05/2022 12:12:08 AM: INFO: **** Passed ****
 07/05/2022 12:12:08 AM: INFO: **** Passed ****
 07/05/2022 12:12:15 AM: INFO: **** Passed ****
 07/05/2022 12:12:15 AM: INFO: **** Passed ****
 07/05/2022 12:12:15 AM: INFO: ****** Login DDT Test Passed ******
 07/05/2022 12:12:15 AM: INFO: ****** Login DDT Test Passed ******
 07/05/2022 12:12:15 AM: INFO: ************ End of Login DDt Test *************
 07/05/2022 12:12:15 AM: INFO: ************ End of Login DDt Test *************
 07/05/2022 12:12:15 AM: INFO: ****************** Completed TC_Login_DDT_002 ************************
 07/05/2022 12:12:15 AM: INFO: ****************** Completed TC_Login_DDT_002 ************************
